Running: C:\Xilinx\14.7\ISE_DS\ISE\bin\nt\unwrapped\fuse.exe -intstyle ise -incremental -o C:/Users/User/Desktop/exam/exam/topm_tb_isim_beh.exe -prj C:/Users/User/Desktop/exam/exam/topm_tb_beh.prj work.topm_tb 
ISim P.20131013 (signature 0x8ef4fb42)
Number of CPUs detected in this system: 2
Turning on mult-threading, number of parallel sub-compilation jobs: 4 
Determining compilation order of HDL files
Parsing VHDL file "C:/Users/User/Desktop/exam/exam/topm.vhd" into library work
Parsing VHDL file "C:/Users/User/Desktop/exam/exam/topm_tb.vhd" into library work
Starting static elaboration
Completed static elaboration
Fuse Memory Usage: 105236 KB
Fuse CPU Usage: 421 ms
Compiling package standard
Compiling package std_logic_1164
Compiling package numeric_std
Compiling architecture behavioral of entity topm [topm_default]
Compiling architecture behavior of entity topm_tb
Time Resolution for simulation is 1ps.
Waiting for 1 sub-compilation(s) to finish...
Compiled 6 VHDL Units
Built simulation executable C:/Users/User/Desktop/exam/exam/topm_tb_isim_beh.exe
Fuse Memory Usage: 120772 KB
Fuse CPU Usage: 607 ms
