Release 14.7 - xst P.20131013 (nt)
Copyright (c) 1995-2013 Xilinx, Inc.  All rights reserved.
--> Parameter TMPDIR set to xst/projnav.tmp


Total REAL time to Xst completion: 0.00 secs
Total CPU time to Xst completion: 0.20 secs
 
--> Parameter xsthdpdir set to xst


Total REAL time to Xst completion: 0.00 secs
Total CPU time to Xst completion: 0.22 secs
 
--> Reading design: topm.prj

TABLE OF CONTENTS
  1) Synthesis Options Summary
  2) HDL Compilation
  3) Design Hierarchy Analysis
  4) HDL Analysis
  5) HDL Synthesis
     5.1) HDL Synthesis Report
  6) Advanced HDL Synthesis
     6.1) Advanced HDL Synthesis Report
  7) Low Level Synthesis
  8) Partition Report
  9) Final Report
	9.1) Device utilization summary
	9.2) Partition Resource Summary
	9.3) TIMING REPORT


=========================================================================
*                      Synthesis Options Summary                        *
=========================================================================
---- Source Parameters
Input File Name                    : "topm.prj"
Input Format                       : mixed
Ignore Synthesis Constraint File   : NO

---- Target Parameters
Output File Name                   : "topm"
Output Format                      : NGC
Target Device                      : xc3s400-5-pq208

---- Source Options
Top Module Name                    : topm
Automatic FSM Extraction           : YES
FSM Encoding Algorithm             : Auto
Safe Implementation                : No
FSM Style                          : LUT
RAM Extraction                     : Yes
RAM Style                          : Auto
ROM Extraction                     : Yes
Mux Style                          : Auto
Decoder Extraction                 : YES
Priority Encoder Extraction        : Yes
Shift Register Extraction          : YES
Logical Shifter Extraction         : YES
XOR Collapsing                     : YES
ROM Style                          : Auto
Mux Extraction                     : Yes
Resource Sharing                   : YES
Asynchronous To Synchronous        : NO
Multiplier Style                   : Auto
Automatic Register Balancing       : No

---- Target Options
Add IO Buffers                     : YES
Global Maximum Fanout              : 500
Add Generic Clock Buffer(BUFG)     : 8
Register Duplication               : YES
Slice Packing                      : YES
Optimize Instantiated Primitives   : NO
Use Clock Enable                   : Yes
Use Synchronous Set                : Yes
Use Synchronous Reset              : Yes
Pack IO Registers into IOBs        : Auto
Equivalent register Removal        : YES

---- General Options
Optimization Goal                  : Speed
Optimization Effort                : 1
Keep Hierarchy                     : No
Netlist Hierarchy                  : As_Optimized
RTL Output                         : Yes
Global Optimization                : AllClockNets
Read Cores                         : YES
Write Timing Constraints           : NO
Cross Clock Analysis               : NO
Hierarchy Separator                : /
Bus Delimiter                      : <>
Case Specifier                     : Maintain
Slice Utilization Ratio            : 100
BRAM Utilization Ratio             : 100
Verilog 2001                       : YES
Auto BRAM Packing                  : NO
Slice Utilization Ratio Delta      : 5

=========================================================================


=========================================================================
*                          HDL Compilation                              *
=========================================================================
Compiling vhdl file "C:/Users/User/Desktop/exam/exam/topm.vhd" in Library work.
Entity <topm> compiled.
Entity <topm> (Architecture <behavioral>) compiled.

=========================================================================
*                     Design Hierarchy Analysis                         *
=========================================================================
Analyzing hierarchy for entity <topm> in library <work> (architecture <behavioral>).


=========================================================================
*                            HDL Analysis                               *
=========================================================================
Analyzing Entity <topm> in library <work> (Architecture <behavioral>).
Entity <topm> analyzed. Unit <topm> generated.


=========================================================================
*                           HDL Synthesis                               *
=========================================================================

Performing bidirectional port resolution...

Synthesizing Unit <topm>.
    Related source file is "C:/Users/User/Desktop/exam/exam/topm.vhd".
    Using one-hot encoding for signal <current_state>.
    Found 32-bit up counter for signal <counter>.
    Found 32-bit comparator greater for signal <counter$cmp_gt0000> created at line 57.
    Found 10-bit register for signal <current_state>.
    Found 32-bit comparator lessequal for signal <current_state$cmp_le0000> created at line 57.
    Summary:
	inferred   1 Counter(s).
	inferred  10 D-type flip-flop(s).
	inferred   2 Comparator(s).
Unit <topm> synthesized.


=========================================================================
HDL Synthesis Report

Macro Statistics
# Counters                                             : 1
 32-bit up counter                                     : 1
# Registers                                            : 1
 10-bit register                                       : 1
# Comparators                                          : 2
 32-bit comparator greater                             : 1
 32-bit comparator lessequal                           : 1

=========================================================================

=========================================================================
*                       Advanced HDL Synthesis                          *
=========================================================================


=========================================================================
Advanced HDL Synthesis Report

Macro Statistics
# Counters                                             : 1
 32-bit up counter                                     : 1
# Registers                                            : 10
 Flip-Flops                                            : 10
# Comparators                                          : 2
 32-bit comparator greater                             : 1
 32-bit comparator lessequal                           : 1

=========================================================================

=========================================================================
*                         Low Level Synthesis                           *
=========================================================================

Optimizing unit <topm> ...

Mapping all equations...
Building and optimizing final netlist ...
Found area constraint ratio of 100 (+ 5) on block topm, actual ratio is 1.

Final Macro Processing ...

=========================================================================
Final Register Report

Macro Statistics
# Registers                                            : 42
 Flip-Flops                                            : 42

=========================================================================

=========================================================================
*                           Partition Report                            *
=========================================================================

Partition Implementation Status
-------------------------------

  No Partitions were found in this design.

-------------------------------

=========================================================================
*                            Final Report                               *
=========================================================================
Final Results
RTL Top Level Output File Name     : topm.ngr
Top Level Output File Name         : topm
Output Format                      : NGC
Optimization Goal                  : Speed
Keep Hierarchy                     : No

Design Statistics
# IOs                              : 10

Cell Usage :
# BELS                             : 157
#      GND                         : 1
#      INV                         : 4
#      LUT1                        : 35
#      LUT2                        : 8
#      LUT3                        : 3
#      LUT4                        : 24
#      MUXCY                       : 47
#      MUXF5                       : 2
#      VCC                         : 1
#      XORCY                       : 32
# FlipFlops/Latches                : 42
#      FDE                         : 10
#      FDR                         : 32
# Clock Buffers                    : 1
#      BUFGP                       : 1
# IO Buffers                       : 9
#      IBUF                        : 2
#      OBUF                        : 7
=========================================================================

Device utilization summary:
---------------------------

Selected Device : 3s400pq208-5 

 Number of Slices:                       40  out of   3584     1%  
 Number of Slice Flip Flops:             42  out of   7168     0%  
 Number of 4 input LUTs:                 74  out of   7168     1%  
 Number of IOs:                          10
 Number of bonded IOBs:                  10  out of    141     7%  
 Number of GCLKs:                         1  out of      8    12%  

---------------------------
Partition Resource Summary:
---------------------------

  No Partitions were found in this design.

---------------------------


=========================================================================
TIMING REPORT

NOTE: THESE TIMING NUMBERS ARE ONLY A SYNTHESIS ESTIMATE.
      FOR ACCURATE TIMING INFORMATION PLEASE REFER TO THE TRACE REPORT
      GENERATED AFTER PLACE-and-ROUTE.

Clock Information:
------------------
-----------------------------------+------------------------+-------+
Clock Signal                       | Clock buffer(FF name)  | Load  |
-----------------------------------+------------------------+-------+
clk                                | BUFGP                  | 42    |
-----------------------------------+------------------------+-------+

Asynchronous Control Signals Information:
----------------------------------------
No asynchronous control signals found in this design

Timing Summary:
---------------
Speed Grade: -5

   Minimum period: 7.484ns (Maximum Frequency: 133.627MHz)
   Minimum input arrival time before clock: 4.906ns
   Maximum output required time after clock: 9.377ns
   Maximum combinational path delay: No path found

Timing Detail:
--------------
All values displayed in nanoseconds (ns)

=========================================================================
Timing constraint: Default period analysis for Clock 'clk'
  Clock period: 7.484ns (frequency: 133.627MHz)
  Total number of paths / destination ports: 1934 / 84
-------------------------------------------------------------------------
Delay:               7.484ns (Levels of Logic = 18)
  Source:            counter_0 (FF)
  Destination:       counter_0 (FF)
  Source Clock:      clk rising
  Destination Clock: clk rising

  Data Path: counter_0 to counter_0
                                Gate     Net
    Cell:in->out      fanout   Delay   Delay  Logical Name (Net Name)
    ----------------------------------------  ------------
     FDR:C->Q              2   0.626   1.040  counter_0 (counter_0)
     LUT4:I0->O            1   0.479   0.000  Mcompar_current_state_cmp_le0000_lut<0> (Mcompar_current_state_cmp_le0000_lut<0>)
     MUXCY:S->O            1   0.435   0.000  Mcompar_current_state_cmp_le0000_cy<0> (Mcompar_current_state_cmp_le0000_cy<0>)
     MUXCY:CI->O           1   0.056   0.000  Mcompar_current_state_cmp_le0000_cy<1> (Mcompar_current_state_cmp_le0000_cy<1>)
     MUXCY:CI->O           1   0.056   0.000  Mcompar_current_state_cmp_le0000_cy<2> (Mcompar_current_state_cmp_le0000_cy<2>)
     MUXCY:CI->O           1   0.056   0.000  Mcompar_current_state_cmp_le0000_cy<3> (Mcompar_current_state_cmp_le0000_cy<3>)
     MUXCY:CI->O           1   0.056   0.000  Mcompar_current_state_cmp_le0000_cy<4> (Mcompar_current_state_cmp_le0000_cy<4>)
     MUXCY:CI->O           1   0.056   0.000  Mcompar_current_state_cmp_le0000_cy<5> (Mcompar_current_state_cmp_le0000_cy<5>)
     MUXCY:CI->O           1   0.056   0.000  Mcompar_current_state_cmp_le0000_cy<6> (Mcompar_current_state_cmp_le0000_cy<6>)
     MUXCY:CI->O           1   0.056   0.000  Mcompar_current_state_cmp_le0000_cy<7> (Mcompar_current_state_cmp_le0000_cy<7>)
     MUXCY:CI->O           1   0.056   0.000  Mcompar_current_state_cmp_le0000_cy<8> (Mcompar_current_state_cmp_le0000_cy<8>)
     MUXCY:CI->O           1   0.056   0.000  Mcompar_current_state_cmp_le0000_cy<9> (Mcompar_current_state_cmp_le0000_cy<9>)
     MUXCY:CI->O           1   0.056   0.000  Mcompar_current_state_cmp_le0000_cy<10> (Mcompar_current_state_cmp_le0000_cy<10>)
     MUXCY:CI->O           1   0.056   0.000  Mcompar_current_state_cmp_le0000_cy<11> (Mcompar_current_state_cmp_le0000_cy<11>)
     MUXCY:CI->O           1   0.056   0.000  Mcompar_current_state_cmp_le0000_cy<12> (Mcompar_current_state_cmp_le0000_cy<12>)
     MUXCY:CI->O           1   0.056   0.000  Mcompar_current_state_cmp_le0000_cy<13> (Mcompar_current_state_cmp_le0000_cy<13>)
     MUXCY:CI->O           1   0.056   0.000  Mcompar_current_state_cmp_le0000_cy<14> (Mcompar_current_state_cmp_le0000_cy<14>)
     MUXCY:CI->O           2   0.265   0.915  Mcompar_current_state_cmp_le0000_cy<15> (current_state_cmp_le0000)
     LUT2:I1->O           32   0.479   1.575  counter_or00001 (counter_or0000)
     FDR:R                     0.892          counter_0
    ----------------------------------------
    Total                      7.484ns (3.953ns logic, 3.531ns route)
                                       (52.8% logic, 47.2% route)

=========================================================================
Timing constraint: Default OFFSET IN BEFORE for Clock 'clk'
  Total number of paths / destination ports: 62 / 52
-------------------------------------------------------------------------
Offset:              4.906ns (Levels of Logic = 2)
  Source:            reset (PAD)
  Destination:       counter_0 (FF)
  Destination Clock: clk rising

  Data Path: reset to counter_0
                                Gate     Net
    Cell:in->out      fanout   Delay   Delay  Logical Name (Net Name)
    ----------------------------------------  ------------
     IBUF:I->O            12   0.715   1.245  reset_IBUF (reset_IBUF)
     LUT2:I0->O           32   0.479   1.575  counter_or00001 (counter_or0000)
     FDR:R                     0.892          counter_0
    ----------------------------------------
    Total                      4.906ns (2.086ns logic, 2.820ns route)
                                       (42.5% logic, 57.5% route)

=========================================================================
Timing constraint: Default OFFSET OUT AFTER for Clock 'clk'
  Total number of paths / destination ports: 47 / 7
-------------------------------------------------------------------------
Offset:              9.377ns (Levels of Logic = 4)
  Source:            current_state_4 (FF)
  Destination:       output<4> (PAD)
  Source Clock:      clk rising

  Data Path: current_state_4 to output<4>
                                Gate     Net
    Cell:in->out      fanout   Delay   Delay  Logical Name (Net Name)
    ----------------------------------------  ------------
     FDE:C->Q              6   0.626   1.148  current_state_4 (current_state_4)
     LUT4:I0->O            1   0.479   0.000  output<4>111 (output<4>111)
     MUXF5:I0->O           1   0.314   0.681  output<4>11_f5 (output<4>11)
     MUXF5:S->O            1   0.540   0.681  output<4>13_f5 (output_4_OBUF)
     OBUF:I->O                 4.909          output_4_OBUF (output<4>)
    ----------------------------------------
    Total                      9.377ns (6.868ns logic, 2.509ns route)
                                       (73.2% logic, 26.8% route)

=========================================================================


Total REAL time to Xst completion: 5.00 secs
Total CPU time to Xst completion: 5.79 secs
 
--> 

Total memory usage is 202084 kilobytes

Number of errors   :    0 (   0 filtered)
Number of warnings :    0 (   0 filtered)
Number of infos    :    0 (   0 filtered)

